<?xml version="1.0" encoding="UTF-8"?>
<!-- Generated by org.testng.reporters.JUnitXMLReporter -->
<testsuite ignored="4" hostname="shreyass-MacBook-Air.local" failures="0" tests="5" name="Regression" time="43.04" errors="0" timestamp="2023-04-19T16:58:05 IST">
  <testcase classname="onventTests.HomeTest" name="navigate_to_homepage" time="2.104"/>
  <testcase classname="onventTests.RegistrationTest" name="CompleteRegistrationForm" time="34.33"/>
  <testcase classname="onventTests.DashboardTest" name="TakeScreenshot" time="1.802"/>
  <testcase classname="onventTests.DashboardTest" name="AddPostonLiveWall" time="2.828"/>
  <testcase classname="onventTests.DashboardTest" name="LogoutDashboard" time="1.912"/>
  <testcase classname="onventTests.BaseTest" name="@BeforeSuite setup" time="0.0">
    <ignored/>
  </testcase> <!-- @BeforeSuite setup -->
  <testcase classname="onventTests.BaseTest" name="@BeforeSuite setup" time="0.0">
    <ignored/>
  </testcase> <!-- @BeforeSuite setup -->
  <testcase classname="onventTests.BaseTest" name="@AfterSuite TearDown" time="0.0">
    <ignored/>
  </testcase> <!-- @AfterSuite TearDown -->
  <testcase classname="onventTests.BaseTest" name="@AfterSuite TearDown" time="0.0">
    <ignored/>
  </testcase> <!-- @AfterSuite TearDown -->
</testsuite> <!-- Regression -->
